[2020-12-22 23:23:15] main.WARNING: Hello [] []
[2020-12-22 23:23:15] main.ERROR: world [] []
[2020-12-22 23:24:24] main.WARNING: Hello [] []
[2020-12-22 23:24:24] main.ERROR: world [] []
[2020-12-22 23:25:29] main.WARNING: Hello [] []
[2020-12-22 23:25:29] main.ERROR: world [] []
[2020-12-22 23:29:44] main.WARNING: Hello [] []
[2020-12-22 23:29:44] main.ERROR: world [] []
[2020-12-22 23:29:44] main.WARNING: 3 [] []
[2020-12-22 23:32:17] main.WARNING: Hello [] []
[2020-12-22 23:32:17] main.ERROR: world [] []
[2020-12-22 23:32:17] main.WARNING: 3 [] []
[2020-12-22 23:32:17] main.DEBUG: 632656 [] []
[2020-12-24 12:47:42] main.WARNING: Hello [] []
[2020-12-24 12:47:42] main.ERROR: world [] []
[2020-12-24 12:47:42] main.WARNING: 3 [] []
[2020-12-24 12:47:42] main.DEBUG: 632760 [] []
[2020-12-24 12:49:02] main.WARNING: Hello [] []
[2020-12-24 12:49:02] main.ERROR: world [] []
[2020-12-24 12:49:02] main.WARNING: 3 [] []
[2020-12-24 12:49:02] main.DEBUG: 633176 [] []
[2020-12-24 21:45:17] main.INFO: После пробуждения занято памяти: 636192 [] []
